C:\Program Files\Microsoft Visual Studio\2022\Community\MSBuild\Microsoft\VC\v170\Microsoft.CppBuild.targets(514,5): warning MSB8028: O diretório intermediário (x64\Debug\) contém arquivos compartilhados de outro projeto (Octree.vcxproj). Isso pode levar a um comportamento incorreto de limpeza e recompilação.
  main.cpp
C:\Users\matuf\OneDrive\Área de Trabalho\Mestrado\Doutorado\2  semestre\Modelagem Geométrica\Trabalho 2\Octree-MG\Octree\geometry.h(71,21): warning C4244: '=': conversão de 'double' para 'int', possível perda de dados
C:\Users\matuf\OneDrive\Área de Trabalho\Mestrado\Doutorado\2  semestre\Modelagem Geométrica\Trabalho 2\Octree-MG\Octree\geometry.h(75,21): warning C4244: '=': conversão de 'double' para 'int', possível perda de dados
C:\Users\matuf\OneDrive\Área de Trabalho\Mestrado\Doutorado\2  semestre\Modelagem Geométrica\Trabalho 2\Octree-MG\Octree\geometry.h(116,12): warning C4244: 'inicializando': conversão de 'double' para 'int', possível perda de dados
C:\Users\matuf\OneDrive\Área de Trabalho\Mestrado\Doutorado\2  semestre\Modelagem Geométrica\Trabalho 2\Octree-MG\Octree\geometry.h(117,12): warning C4244: 'inicializando': conversão de 'double' para 'int', possível perda de dados
C:\Users\matuf\OneDrive\Área de Trabalho\Mestrado\Doutorado\2  semestre\Modelagem Geométrica\Trabalho 2\Octree-MG\Octree\geometry.h(118,12): warning C4244: 'inicializando': conversão de 'double' para 'int', possível perda de dados
C:\Users\matuf\OneDrive\Área de Trabalho\Mestrado\Doutorado\2  semestre\Modelagem Geométrica\Trabalho 2\Octree-MG\Octree\geometry.h(174,11): warning C4244: 'inicializando': conversão de 'double' para 'int', possível perda de dados
C:\Users\matuf\OneDrive\Área de Trabalho\Mestrado\Doutorado\2  semestre\Modelagem Geométrica\Trabalho 2\Octree-MG\Octree\geometry.h(175,11): warning C4244: 'inicializando': conversão de 'double' para 'int', possível perda de dados
C:\Users\matuf\OneDrive\Área de Trabalho\Mestrado\Doutorado\2  semestre\Modelagem Geométrica\Trabalho 2\Octree-MG\Octree\geometry.h(226,11): warning C4244: 'inicializando': conversão de 'double' para 'int', possível perda de dados
C:\Users\matuf\OneDrive\Área de Trabalho\Mestrado\Doutorado\2  semestre\Modelagem Geométrica\Trabalho 2\Octree-MG\Octree\geometry.h(227,11): warning C4244: 'inicializando': conversão de 'double' para 'int', possível perda de dados
C:\Users\matuf\OneDrive\Área de Trabalho\Mestrado\Doutorado\2  semestre\Modelagem Geométrica\Trabalho 2\Octree-MG\Octree\main.cpp(24,37): warning C4305: 'inicializando': truncamento de 'double' para 'GLfloat'
C:\Users\matuf\OneDrive\Área de Trabalho\Mestrado\Doutorado\2  semestre\Modelagem Geométrica\Trabalho 2\Octree-MG\Octree\main.cpp(25,42): warning C4305: 'inicializando': truncamento de 'double' para 'GLfloat'
C:\Users\matuf\OneDrive\Área de Trabalho\Mestrado\Doutorado\2  semestre\Modelagem Geométrica\Trabalho 2\Octree-MG\Octree\main.cpp(45,13): warning C4244: 'argumento': conversão de 'time_t' para 'unsigned int', possível perda de dados
C:\Users\matuf\OneDrive\Área de Trabalho\Mestrado\Doutorado\2  semestre\Modelagem Geométrica\Trabalho 2\Octree-MG\Octree\main.cpp(54,13): warning C4244: 'argumento': conversão de 'time_t' para 'unsigned int', possível perda de dados
C:\Users\matuf\OneDrive\Área de Trabalho\Mestrado\Doutorado\2  semestre\Modelagem Geométrica\Trabalho 2\Octree-MG\Octree\main.cpp(63,13): warning C4244: 'argumento': conversão de 'time_t' para 'unsigned int', possível perda de dados
C:\Users\matuf\OneDrive\Área de Trabalho\Mestrado\Doutorado\2  semestre\Modelagem Geométrica\Trabalho 2\Octree-MG\Octree\main.cpp(72,13): warning C4244: 'argumento': conversão de 'time_t' para 'unsigned int', possível perda de dados
C:\Users\matuf\OneDrive\Área de Trabalho\Mestrado\Doutorado\2  semestre\Modelagem Geométrica\Trabalho 2\Octree-MG\Octree\main.cpp(81,13): warning C4244: 'argumento': conversão de 'time_t' para 'unsigned int', possível perda de dados
C:\Users\matuf\OneDrive\Área de Trabalho\Mestrado\Doutorado\2  semestre\Modelagem Geométrica\Trabalho 2\Octree-MG\Octree\main.cpp(105,34): warning C4305: 'argumento': truncamento de 'double' para 'GLclampf'
C:\Users\matuf\OneDrive\Área de Trabalho\Mestrado\Doutorado\2  semestre\Modelagem Geométrica\Trabalho 2\Octree-MG\Octree\main.cpp(112,39): warning C4305: 'inicializando': truncamento de 'double' para 'GLfloat'
C:\Users\matuf\OneDrive\Área de Trabalho\Mestrado\Doutorado\2  semestre\Modelagem Geométrica\Trabalho 2\Octree-MG\Octree\boolean.h(143): warning C4715: 'bsp2pointcloud': nem todos os caminhos de controle retornam um valor
C:\Users\matuf\OneDrive\Área de Trabalho\Mestrado\Doutorado\2  semestre\Modelagem Geométrica\Trabalho 2\Octree-MG\Octree\boolean.h(29): warning C4715: 'bspcontains': nem todos os caminhos de controle retornam um valor
C:\Users\matuf\OneDrive\Área de Trabalho\Mestrado\Doutorado\2  semestre\Modelagem Geométrica\Trabalho 2\Octree-MG\Octree\input.h(58): warning C4715: 'solid': nem todos os caminhos de controle retornam um valor
  Octree.vcxproj -> C:\Users\matuf\OneDrive\Área de Trabalho\Mestrado\Doutorado\2  semestre\Modelagem Geométrica\Trabalho 2\Octree-MG\x64\Debug\Octree-MG.exe
